<?xml version="1.0" encoding="UTF-8"?>
<!-- Generated by org.testng.reporters.JUnitXMLReporter -->
<testsuite ignored="0" hostname="ELW5201" failures="0" tests="3" name="Default test" time="17.334" errors="0" timestamp="2023-06-08T09:37:54 IST">
  <testcase classname="abhishekbhatacademy.Test.SubmitOrderTest" name="submitorder" time="7.422"/>
  <testcase classname="abhishekbhatacademy.Test.SubmitOrderTest" name="submitorder" time="5.846"/>
  <testcase classname="abhishekbhatacademy.Test.SubmitOrderTest" name="orderHistoryTest" time="3.504"/>
</testsuite> <!-- Default test -->
