<?xml version="1.0" encoding="UTF-8"?>
<!-- Generated by org.testng.reporters.JUnitXMLReporter -->
<testsuite ignored="2" hostname="ELW5201" failures="0" tests="0" time="0.014" errors="0" timestamp="2023-05-19T09:07:35 IST">
  <testcase classname="abhishekbhatacademy.Test.ErrorValidationTest" name="loginErrorvalidation" time="0.0">
    <ignored/>
  </testcase> <!-- loginErrorvalidation -->
  <testcase classname="abhishekbhatacademy.Test.ErrorValidationTest" name="productvalidation" time="0.0">
    <ignored/>
  </testcase> <!-- productvalidation -->
</testsuite>
