<?xml version="1.0" encoding="UTF-8"?>
<!-- Generated by org.testng.reporters.JUnitXMLReporter -->
<testsuite ignored="0" hostname="ELW5201" failures="0" tests="2" name="Error Validation Test" time="9.813" errors="0" timestamp="2023-07-10T08:32:52 IST">
  <testcase classname="abhishekbhatacademy.Test.ErrorValidationTest" name="loginErrorvalidation" time="3.936"/>
  <testcase classname="abhishekbhatacademy.Test.ErrorValidationTest" name="productvalidation" time="5.699"/>
</testsuite> <!-- Error Validation Test -->
