<?xml version="1.0" encoding="UTF-8"?>
<!-- Generated by org.testng.reporters.JUnitXMLReporter -->
<testsuite ignored="1" hostname="ELW5201" failures="0" tests="2" name="Submit order Test" time="14.89" errors="0" timestamp="2023-05-19T09:07:50 IST">
  <testcase classname="abhishekbhatacademy.Test.SubmitOrderTest" name="submitorder" time="8.63"/>
  <testcase classname="abhishekbhatacademy.Test.SubmitOrderTest" name="submitorder" time="5.898"/>
  <testcase classname="abhishekbhatacademy.Test.SubmitOrderTest" name="orderHistoryTest" time="0.0">
    <ignored/>
  </testcase> <!-- orderHistoryTest -->
</testsuite> <!-- Submit order Test -->
