<?xml version="1.0" encoding="UTF-8"?>
<!-- Generated by org.testng.reporters.JUnitXMLReporter -->
<testsuite ignored="0" hostname="ELW5201" failures="0" tests="3" name="Submit order Test" time="17.012" errors="0" timestamp="2023-07-10T08:32:59 IST">
  <testcase classname="abhishekbhatacademy.Test.SubmitOrderTest" name="submitorder" time="7.244"/>
  <testcase classname="abhishekbhatacademy.Test.SubmitOrderTest" name="submitorder" time="6.373"/>
  <testcase classname="abhishekbhatacademy.Test.SubmitOrderTest" name="orderHistoryTest" time="3.11"/>
</testsuite> <!-- Submit order Test -->
