<?xml version="1.0" encoding="UTF-8"?>
<testng-results ignored="0" total="5" passed="5" failed="0" skipped="0">
  <reporter-output>
  </reporter-output>
  <suite started-at="2023-07-10T08:32:42 IST" name="Suite" finished-at="2023-07-10T08:32:59 IST" duration-ms="17012">
    <groups>
      <group name="ErrorHandling">
        <method signature="ErrorValidationTest.loginErrorvalidation()[pri:0, instance:abhishekbhatacademy.Test.ErrorValidationTest@6f3c660a]" name="loginErrorvalidation" class="abhishekbhatacademy.Test.ErrorValidationTest"/>
      </group> <!-- ErrorHandling -->
      <group name="perchase">
        <method signature="SubmitOrderTest.submitorder(java.util.HashMap)[pri:0, instance:abhishekbhatacademy.Test.SubmitOrderTest@49ff7d8c]" name="submitorder" class="abhishekbhatacademy.Test.SubmitOrderTest"/>
      </group> <!-- perchase -->
    </groups>
    <test started-at="2023-07-10T08:32:42 IST" name="Error Validation Test" finished-at="2023-07-10T08:32:51 IST" duration-ms="9813">
      <class name="abhishekbhatacademy.Test.ErrorValidationTest">
        <test-method signature="loginErrorvalidation()[pri:0, instance:abhishekbhatacademy.Test.ErrorValidationTest@6f3c660a]" started-at="2023-07-10T08:32:42 IST" name="loginErrorvalidation" finished-at="2023-07-10T08:32:46 IST" duration-ms="3936" status="PASS">
          <reporter-output>
          </reporter-output>
        </test-method> <!-- loginErrorvalidation -->
        <test-method is-config="true" signature="closeDriver()[pri:0, instance:abhishekbhatacademy.Test.ErrorValidationTest@6f3c660a]" started-at="2023-07-10T08:32:46 IST" name="closeDriver" finished-at="2023-07-10T08:32:46 IST" duration-ms="59" status="PASS">
          <reporter-output>
          </reporter-output>
        </test-method> <!-- closeDriver -->
        <test-method signature="productvalidation()[pri:0, instance:abhishekbhatacademy.Test.ErrorValidationTest@6f3c660a]" started-at="2023-07-10T08:32:46 IST" name="productvalidation" finished-at="2023-07-10T08:32:51 IST" duration-ms="5699" status="PASS">
          <reporter-output>
          </reporter-output>
        </test-method> <!-- productvalidation -->
        <test-method is-config="true" signature="closeDriver()[pri:0, instance:abhishekbhatacademy.Test.ErrorValidationTest@6f3c660a]" started-at="2023-07-10T08:32:51 IST" name="closeDriver" finished-at="2023-07-10T08:32:51 IST" duration-ms="81" status="PASS">
          <reporter-output>
          </reporter-output>
        </test-method> <!-- closeDriver -->
      </class> <!-- abhishekbhatacademy.Test.ErrorValidationTest -->
    </test> <!-- Error Validation Test -->
    <test started-at="2023-07-10T08:32:42 IST" name="Submit order Test" finished-at="2023-07-10T08:32:59 IST" duration-ms="17012">
      <class name="abhishekbhatacademy.Test.SubmitOrderTest">
        <test-method signature="submitorder(java.util.HashMap)[pri:0, instance:abhishekbhatacademy.Test.SubmitOrderTest@49ff7d8c]" started-at="2023-07-10T08:32:42 IST" name="submitorder" data-provider="getDataa" finished-at="2023-07-10T08:32:49 IST" duration-ms="7244" status="PASS">
          <params>
            <param index="0">
              <value>
                <![CDATA[{productname=IPHONE 13 PRO, password=Asdfghjkl@1234, email=yiwovo8122@usharer.com}]]>
              </value>
            </param>
          </params>
          <reporter-output>
          </reporter-output>
        </test-method> <!-- submitorder -->
        <test-method is-config="true" signature="closeDriver()[pri:0, instance:abhishekbhatacademy.Test.SubmitOrderTest@49ff7d8c]" started-at="2023-07-10T08:32:49 IST" name="closeDriver" finished-at="2023-07-10T08:32:49 IST" duration-ms="97" status="PASS">
          <reporter-output>
          </reporter-output>
        </test-method> <!-- closeDriver -->
        <test-method signature="submitorder(java.util.HashMap)[pri:0, instance:abhishekbhatacademy.Test.SubmitOrderTest@49ff7d8c]" started-at="2023-07-10T08:32:49 IST" name="submitorder" data-provider="getDataa" finished-at="2023-07-10T08:32:55 IST" duration-ms="6373" status="PASS">
          <params>
            <param index="0">
              <value>
                <![CDATA[{productname=ADIDAS ORIGINAL, password=Iamking@000, email=shetty@gmail.com}]]>
              </value>
            </param>
          </params>
          <reporter-output>
          </reporter-output>
        </test-method> <!-- submitorder -->
        <test-method is-config="true" signature="closeDriver()[pri:0, instance:abhishekbhatacademy.Test.SubmitOrderTest@49ff7d8c]" started-at="2023-07-10T08:32:55 IST" name="closeDriver" finished-at="2023-07-10T08:32:55 IST" duration-ms="70" status="PASS">
          <reporter-output>
          </reporter-output>
        </test-method> <!-- closeDriver -->
        <test-method signature="orderHistoryTest()[pri:0, instance:abhishekbhatacademy.Test.SubmitOrderTest@49ff7d8c]" started-at="2023-07-10T08:32:55 IST" name="orderHistoryTest" finished-at="2023-07-10T08:32:59 IST" depends-on-methods="abhishekbhatacademy.Test.SubmitOrderTest.submitorder" duration-ms="3110" status="PASS">
          <reporter-output>
          </reporter-output>
        </test-method> <!-- orderHistoryTest -->
        <test-method is-config="true" signature="closeDriver()[pri:0, instance:abhishekbhatacademy.Test.SubmitOrderTest@49ff7d8c]" started-at="2023-07-10T08:32:59 IST" name="closeDriver" finished-at="2023-07-10T08:32:59 IST" duration-ms="87" status="PASS">
          <reporter-output>
          </reporter-output>
        </test-method> <!-- closeDriver -->
      </class> <!-- abhishekbhatacademy.Test.SubmitOrderTest -->
    </test> <!-- Submit order Test -->
  </suite> <!-- Suite -->
</testng-results>
