<?xml version="1.0" encoding="UTF-8"?>
<testng-results ignored="3" total="5" passed="2" failed="0" skipped="0">
  <reporter-output>
  </reporter-output>
  <suite started-at="2023-05-19T09:07:35 IST" name="Suite" finished-at="2023-05-19T09:07:50 IST" duration-ms="14890">
    <groups>
      <group name="perchase">
        <method signature="SubmitOrderTest.submitorder(java.lang.String,java.lang.String,java.lang.String)[pri:0, instance:abhishekbhatacademy.Test.SubmitOrderTest@1e0b4072]" name="submitorder" class="abhishekbhatacademy.Test.SubmitOrderTest"/>
      </group> <!-- perchase -->
    </groups>
    <test started-at="2023-05-19T09:07:35 IST" name="Error Validation Test" finished-at="2023-05-19T09:07:35 IST" duration-ms="14">
    </test> <!-- Error Validation Test -->
    <test started-at="2023-05-19T09:07:35 IST" name="Submit order Test" finished-at="2023-05-19T09:07:50 IST" duration-ms="14890">
      <class name="abhishekbhatacademy.Test.SubmitOrderTest">
        <test-method signature="submitorder(java.lang.String,java.lang.String,java.lang.String)[pri:0, instance:abhishekbhatacademy.Test.SubmitOrderTest@1e0b4072]" started-at="2023-05-19T09:07:35 IST" name="submitorder" data-provider="getDataa" finished-at="2023-05-19T09:07:44 IST" duration-ms="8630" status="PASS">
          <params>
            <param index="0">
              <value>
                <![CDATA[yiwovo8122@usharer.com]]>
              </value>
            </param>
            <param index="1">
              <value>
                <![CDATA[Asdfghjkl@1234]]>
              </value>
            </param>
            <param index="2">
              <value>
                <![CDATA[IPHONE 13 PRO]]>
              </value>
            </param>
          </params>
          <reporter-output>
          </reporter-output>
        </test-method> <!-- submitorder -->
        <test-method is-config="true" signature="closeDriver()[pri:0, instance:abhishekbhatacademy.Test.SubmitOrderTest@1e0b4072]" started-at="2023-05-19T09:07:44 IST" name="closeDriver" finished-at="2023-05-19T09:07:44 IST" duration-ms="141" status="PASS">
          <reporter-output>
          </reporter-output>
        </test-method> <!-- closeDriver -->
        <test-method signature="submitorder(java.lang.String,java.lang.String,java.lang.String)[pri:0, instance:abhishekbhatacademy.Test.SubmitOrderTest@1e0b4072]" started-at="2023-05-19T09:07:44 IST" name="submitorder" data-provider="getDataa" finished-at="2023-05-19T09:07:50 IST" duration-ms="5898" status="PASS">
          <params>
            <param index="0">
              <value>
                <![CDATA[shetty@gmail.com]]>
              </value>
            </param>
            <param index="1">
              <value>
                <![CDATA[Iamking@000]]>
              </value>
            </param>
            <param index="2">
              <value>
                <![CDATA[ADIDAS ORIGINAL]]>
              </value>
            </param>
          </params>
          <reporter-output>
          </reporter-output>
        </test-method> <!-- submitorder -->
        <test-method is-config="true" signature="closeDriver()[pri:0, instance:abhishekbhatacademy.Test.SubmitOrderTest@1e0b4072]" started-at="2023-05-19T09:07:50 IST" name="closeDriver" finished-at="2023-05-19T09:07:50 IST" duration-ms="129" status="PASS">
          <reporter-output>
          </reporter-output>
        </test-method> <!-- closeDriver -->
      </class> <!-- abhishekbhatacademy.Test.SubmitOrderTest -->
    </test> <!-- Submit order Test -->
  </suite> <!-- Suite -->
</testng-results>
